<?xml version="1.0" encoding="UTF-8"?>
<!-- Generated by org.testng.reporters.JUnitReportReporter -->
<testsuite hostname="Bpract" failures="0" tests="1" name="com.bpract.fabrizo.testscripts.FabRegisterTest" time="23.240" errors="0" timestamp="2023-09-27T10:32:51 IST" skipped="0">
  <testcase classname="com.bpract.fabrizo.testscripts.FabRegisterTest" name="verifyRegisterWithBlankData" time="23.240"/>
  <system-out>
Email Required Msg found! Username Required Msg found! Password Required Msg found! Referral ID Required Msg found!  </system-out>
</testsuite> <!-- com.bpract.fabrizo.testscripts.FabRegisterTest -->
